{"time": "2025-05-12 14:02:15,761", "level": "ERROR", "message": "HTTPException: 500: Error processing report analysis: tuple index out of range "}
{"time": "2025-05-12 14:02:15,764", "level": "INFO", "message": "{"url": "http://localhost:8000/analysis/analyze", "path": "/analysis/analyze", "method": "POST", "status_code": 500, "process_time": 116.65617299079895}"}
{"time": "2025-05-12 14:02:59,913", "level": "INFO", "message": "{"url": "http://localhost:8000/services", "path": "/services", "method": "GET", "status_code": 307, "process_time": 0.0018439292907714844}"}
{"time": "2025-05-12 14:02:59,933", "level": "INFO", "message": "{"url": "http://localhost:8000/services/", "path": "/services/", "method": "GET", "status_code": 200, "process_time": 0.016448020935058594}"}
{"time": "2025-05-12 14:03:01,448", "level": "INFO", "message": "{"url": "http://localhost:8000/services/view/1", "path": "/services/view/1", "method": "GET", "status_code": 200, "process_time": 0.0053670406341552734}"}
{"time": "2025-05-12 14:04:10,204", "level": "ERROR", "message": "HTTPException: 500: Error processing report analysis: tuple index out of range "}
{"time": "2025-05-12 14:04:10,206", "level": "INFO", "message": "{"url": "http://localhost:8000/analysis/analyze", "path": "/analysis/analyze", "method": "POST", "status_code": 500, "process_time": 60.479397773742676}"}
{"time": "2025-05-12 15:19:40,050", "level": "INFO", "message": "{"url": "http://localhost:8000/services", "path": "/services", "method": "GET", "status_code": 307, "process_time": 0.010690927505493164}"}
{"time": "2025-05-12 15:19:40,075", "level": "INFO", "message": "{"url": "http://localhost:8000/services/", "path": "/services/", "method": "GET", "status_code": 200, "process_time": 0.021544933319091797}"}
{"time": "2025-05-12 15:19:41,587", "level": "INFO", "message": "{"url": "http://localhost:8000/services/view/1", "path": "/services/view/1", "method": "GET", "status_code": 200, "process_time": 0.008842945098876953}"}
{"time": "2025-05-12 15:19:58,988", "level": "ERROR", "message": "HTTPException: 500: Error processing report analysis: tuple index out of range "}
{"time": "2025-05-12 15:19:58,996", "level": "INFO", "message": "{"url": "http://localhost:8000/analysis/analyze", "path": "/analysis/analyze", "method": "POST", "status_code": 500, "process_time": 9.377217054367065}"}
{"time": "2025-05-12 15:20:24,608", "level": "INFO", "message": "{"url": "http://localhost:8000/services", "path": "/services", "method": "GET", "status_code": 307, "process_time": 0.003178834915161133}"}
{"time": "2025-05-12 15:20:24,617", "level": "INFO", "message": "{"url": "http://localhost:8000/services/", "path": "/services/", "method": "GET", "status_code": 200, "process_time": 0.006360769271850586}"}
{"time": "2025-05-12 15:20:25,565", "level": "INFO", "message": "{"url": "http://localhost:8000/services/view/1", "path": "/services/view/1", "method": "GET", "status_code": 200, "process_time": 0.007920980453491211}"}
{"time": "2025-05-12 15:23:02,757", "level": "ERROR", "message": "HTTPException: 500: Error processing report analysis: tuple index out of range "}
{"time": "2025-05-12 15:23:02,764", "level": "INFO", "message": "{"url": "http://localhost:8000/analysis/analyze", "path": "/analysis/analyze", "method": "POST", "status_code": 500, "process_time": 150.69070506095886}"}
{"time": "2025-05-12 15:25:10,632", "level": "INFO", "message": "{"url": "http://localhost:8000/services", "path": "/services", "method": "GET", "status_code": 307, "process_time": 0.004018306732177734}"}
{"time": "2025-05-12 15:25:10,647", "level": "INFO", "message": "{"url": "http://localhost:8000/services/", "path": "/services/", "method": "GET", "status_code": 200, "process_time": 0.012977838516235352}"}
{"time": "2025-05-12 15:25:12,241", "level": "INFO", "message": "{"url": "http://localhost:8000/services/view/1", "path": "/services/view/1", "method": "GET", "status_code": 200, "process_time": 0.01212310791015625}"}
{"time": "2025-05-12 15:28:26,539", "level": "ERROR", "message": "HTTPException: 500: Error processing report analysis: tuple index out of range "}
{"time": "2025-05-12 15:28:26,545", "level": "INFO", "message": "{"url": "http://localhost:8000/analysis/analyze", "path": "/analysis/analyze", "method": "POST", "status_code": 500, "process_time": 188.44912195205688}"}
{"time": "2025-05-12 15:31:04,123", "level": "INFO", "message": "{"url": "http://localhost:8000/services", "path": "/services", "method": "GET", "status_code": 307, "process_time": 0.0039060115814208984}"}
{"time": "2025-05-12 15:31:04,136", "level": "INFO", "message": "{"url": "http://localhost:8000/services/", "path": "/services/", "method": "GET", "status_code": 200, "process_time": 0.009310007095336914}"}
{"time": "2025-05-12 15:31:06,084", "level": "INFO", "message": "{"url": "http://localhost:8000/services/view/13", "path": "/services/view/13", "method": "GET", "status_code": 200, "process_time": 0.01430201530456543}"}
{"time": "2025-05-12 15:31:55,636", "level": "INFO", "message": "Email sent successfully to hatem.gadallah@gmail.com."}
{"time": "2025-05-12 15:31:55,639", "level": "INFO", "message": "{"url": "http://localhost:8000/analysis/analyze", "path": "/analysis/analyze", "method": "POST", "status_code": 200, "process_time": 15.46481990814209}"}
{"time": "2025-05-12 15:33:06,546", "level": "INFO", "message": "{"url": "http://localhost:8000/services", "path": "/services", "method": "GET", "status_code": 307, "process_time": 0.00458216667175293}"}
{"time": "2025-05-12 15:33:06,561", "level": "INFO", "message": "{"url": "http://localhost:8000/services/", "path": "/services/", "method": "GET", "status_code": 200, "process_time": 0.01175379753112793}"}
{"time": "2025-05-12 15:33:08,295", "level": "INFO", "message": "{"url": "http://localhost:8000/services/view/1", "path": "/services/view/1", "method": "GET", "status_code": 200, "process_time": 0.008382081985473633}"}
{"time": "2025-05-12 15:38:43,665", "level": "ERROR", "message": "HTTPException: 500: Error processing report analysis: tuple index out of range "}
{"time": "2025-05-12 15:38:43,673", "level": "INFO", "message": "{"url": "http://localhost:8000/analysis/analyze", "path": "/analysis/analyze", "method": "POST", "status_code": 500, "process_time": 327.54088521003723}"}
{"time": "2025-05-12 15:41:38,783", "level": "INFO", "message": "{"url": "http://localhost:8000/services", "path": "/services", "method": "GET", "status_code": 307, "process_time": 0.004318952560424805}"}
{"time": "2025-05-12 15:41:38,796", "level": "INFO", "message": "{"url": "http://localhost:8000/services/", "path": "/services/", "method": "GET", "status_code": 200, "process_time": 0.01105809211730957}"}
{"time": "2025-05-12 15:41:40,220", "level": "INFO", "message": "{"url": "http://localhost:8000/services/view/1", "path": "/services/view/1", "method": "GET", "status_code": 200, "process_time": 0.005921840667724609}"}
{"time": "2025-05-12 15:42:16,958", "level": "ERROR", "message": "Error processing analysis: tuple index out of range"}
{"time": "2025-05-12 15:42:16,965", "level": "INFO", "message": "{"url": "http://localhost:8000/analysis/analyze", "path": "/analysis/analyze", "method": "POST", "status_code": 500, "process_time": 30.173625946044922}"}
{"time": "2025-05-12 15:42:55,131", "level": "INFO", "message": "{"url": "http://localhost:8000/services", "path": "/services", "method": "GET", "status_code": 307, "process_time": 0.0048370361328125}"}
{"time": "2025-05-12 15:42:55,145", "level": "INFO", "message": "{"url": "http://localhost:8000/services/", "path": "/services/", "method": "GET", "status_code": 200, "process_time": 0.011095046997070312}"}
{"time": "2025-05-12 15:42:56,871", "level": "INFO", "message": "{"url": "http://localhost:8000/services/view/1", "path": "/services/view/1", "method": "GET", "status_code": 200, "process_time": 0.00482940673828125}"}
{"time": "2025-05-12 15:44:24,578", "level": "ERROR", "message": "Error processing analysis: tuple index out of range"}
{"time": "2025-05-12 15:44:24,581", "level": "INFO", "message": "{"url": "http://localhost:8000/analysis/analyze", "path": "/analysis/analyze", "method": "POST", "status_code": 500, "process_time": 81.13902020454407}"}
{"time": "2025-05-12 16:07:36,283", "level": "INFO", "message": "{"url": "http://localhost:8000/services", "path": "/services", "method": "GET", "status_code": 307, "process_time": 0.004380702972412109}"}
{"time": "2025-05-12 16:07:36,307", "level": "INFO", "message": "{"url": "http://localhost:8000/services/", "path": "/services/", "method": "GET", "status_code": 200, "process_time": 0.021632909774780273}"}
{"time": "2025-05-12 16:07:37,911", "level": "INFO", "message": "{"url": "http://localhost:8000/services/view/1", "path": "/services/view/1", "method": "GET", "status_code": 200, "process_time": 0.011047124862670898}"}
{"time": "2025-05-12 16:09:35,984", "level": "ERROR", "message": "HTTPException: 500: Error processing report analysis: tuple index out of range "}
{"time": "2025-05-12 16:09:35,992", "level": "INFO", "message": "{"url": "http://localhost:8000/analysis/analyze", "path": "/analysis/analyze", "method": "POST", "status_code": 500, "process_time": 109.21730875968933}"}
{"time": "2025-05-12 16:11:31,875", "level": "INFO", "message": "{"url": "http://localhost:8000/services", "path": "/services", "method": "GET", "status_code": 307, "process_time": 0.004055023193359375}"}
{"time": "2025-05-12 16:11:31,885", "level": "INFO", "message": "{"url": "http://localhost:8000/services/", "path": "/services/", "method": "GET", "status_code": 200, "process_time": 0.006108999252319336}"}
{"time": "2025-05-12 16:11:33,602", "level": "INFO", "message": "{"url": "http://localhost:8000/services/view/1", "path": "/services/view/1", "method": "GET", "status_code": 200, "process_time": 0.009321928024291992}"}
{"time": "2025-05-12 16:15:21,991", "level": "ERROR", "message": "HTTPException: 500: Error processing report analysis: tuple index out of range "}
{"time": "2025-05-12 16:15:21,998", "level": "INFO", "message": "{"url": "http://localhost:8000/analysis/analyze", "path": "/analysis/analyze", "method": "POST", "status_code": 500, "process_time": 222.40203499794006}"}
{"time": "2025-05-12 16:22:48,565", "level": "INFO", "message": "{"url": "http://localhost:8000/services", "path": "/services", "method": "GET", "status_code": 307, "process_time": 0.0048329830169677734}"}
{"time": "2025-05-12 16:22:48,584", "level": "INFO", "message": "{"url": "http://localhost:8000/services/", "path": "/services/", "method": "GET", "status_code": 200, "process_time": 0.01582193374633789}"}
{"time": "2025-05-12 16:22:49,942", "level": "INFO", "message": "{"url": "http://localhost:8000/services/view/1", "path": "/services/view/1", "method": "GET", "status_code": 200, "process_time": 0.013269186019897461}"}
{"time": "2025-05-12 16:23:18,352", "level": "INFO", "message": "Email sent successfully to hatem.gadallah@gmail.com."}
{"time": "2025-05-12 16:23:18,355", "level": "INFO", "message": "{"url": "http://localhost:8000/analysis/analyze", "path": "/analysis/analyze", "method": "POST", "status_code": 200, "process_time": 20.61370277404785}"}
{"time": "2025-05-15 14:44:57,054", "level": "INFO", "message": "{"url": "http://localhost:8000/services", "path": "/services", "method": "GET", "status_code": 307, "process_time": 0.0057065486907958984}"}
{"time": "2025-05-15 14:44:57,083", "level": "INFO", "message": "{"url": "http://localhost:8000/services/", "path": "/services/", "method": "GET", "status_code": 200, "process_time": 0.026665925979614258}"}
{"time": "2025-05-15 14:44:59,027", "level": "INFO", "message": "{"url": "http://localhost:8000/services/view/12", "path": "/services/view/12", "method": "GET", "status_code": 200, "process_time": 0.011556863784790039}"}
{"time": "2025-05-15 14:45:55,891", "level": "INFO", "message": "Email sent successfully to hatem.gadallah@gmail.com."}
{"time": "2025-05-15 14:45:55,893", "level": "INFO", "message": "{"url": "http://localhost:8000/analysis/analyze", "path": "/analysis/analyze", "method": "POST", "status_code": 200, "process_time": 14.678276062011719}"}
{"time": "2025-05-15 14:47:25,620", "level": "INFO", "message": "Email sent successfully to hatem.gadallah@gmail.com."}
{"time": "2025-05-15 14:47:25,628", "level": "INFO", "message": "{"url": "http://localhost:8000/analysis/analyze", "path": "/analysis/analyze", "method": "POST", "status_code": 200, "process_time": 14.85839319229126}"}
{"time": "2025-05-15 14:50:21,265", "level": "INFO", "message": "{"url": "http://localhost:8000/services", "path": "/services", "method": "GET", "status_code": 307, "process_time": 0.00257110595703125}"}
{"time": "2025-05-15 14:50:21,282", "level": "INFO", "message": "{"url": "http://localhost:8000/services/", "path": "/services/", "method": "GET", "status_code": 200, "process_time": 0.013235092163085938}"}
{"time": "2025-05-16 06:53:48,120", "level": "INFO", "message": "{"url": "http://127.0.0.1:8000/docs", "path": "/docs", "method": "GET", "status_code": 200, "process_time": 0.0040950775146484375}"}
{"time": "2025-05-16 06:53:48,738", "level": "INFO", "message": "{"url": "http://127.0.0.1:8000/openapi.json", "path": "/openapi.json", "method": "GET", "status_code": 200, "process_time": 0.08914303779602051}"}
{"time": "2025-05-16 06:54:53,649", "level": "INFO", "message": "{"url": "http://127.0.0.1:8000/redocs", "path": "/redocs", "method": "GET", "status_code": 404, "process_time": 0.0004930496215820312}"}
{"time": "2025-05-16 06:54:53,745", "level": "INFO", "message": "{"url": "http://127.0.0.1:8000/favicon.ico", "path": "/favicon.ico", "method": "GET", "status_code": 404, "process_time": 0.0005707740783691406}"}
{"time": "2025-05-16 06:55:07,899", "level": "INFO", "message": "{"url": "http://127.0.0.1:8000/redoc", "path": "/redoc", "method": "GET", "status_code": 200, "process_time": 0.0004799365997314453}"}
{"time": "2025-05-16 06:55:08,428", "level": "INFO", "message": "{"url": "http://127.0.0.1:8000/openapi.json", "path": "/openapi.json", "method": "GET", "status_code": 200, "process_time": 0.0018842220306396484}"}
{"time": "2025-05-16 07:49:11,554", "level": "INFO", "message": "{"method": "GET", "path": "/services/", "timestamp": "2025-05-16 03:49:11.521155", "user_id": null, "status_code": 200, "duration": 0.025528907775878906}"}
{"time": "2025-05-16 07:50:37,726", "level": "INFO", "message": "Base analysis endpoint hit."}
{"time": "2025-05-16 07:50:37,731", "level": "INFO", "message": "{"method": "GET", "path": "/analysis/", "timestamp": "2025-05-16 03:50:37.724049", "user_id": null, "status_code": 200, "duration": 0.004990100860595703}"}
{"time": "2025-05-16 07:50:59,868", "level": "INFO", "message": "{"method": "GET", "path": "/analysis/analyze", "timestamp": "2025-05-16 03:50:59.853977", "user_id": null, "status_code": 405, "duration": 0.007024288177490234}"}
{"time": "2025-05-16 07:52:54,633", "level": "INFO", "message": "{"method": "GET", "path": "/analysis/analyfgfgfze", "timestamp": "2025-05-16 03:52:54.627891", "user_id": null, "status_code": 404, "duration": 0.003916025161743164}"}
{"time": "2025-05-16 09:49:52,090", "level": "INFO", "message": "{"method": "OPTIONS", "path": "/login", "timestamp": "2025-05-16 05:49:40.399617", "user_id": null, "status_code": 200, "duration": 30.071784019470215}"}
{"time": "2025-05-16 09:49:54,916", "level": "INFO", "message": "{"method": "POST", "path": "/login", "timestamp": "2025-05-16 05:49:54.908515", "user_id": null, "status_code": 404, "duration": 2.8170089721679688}"}
{"time": "2025-05-16 09:51:01,570", "level": "INFO", "message": "{"method": "POST", "path": "/login", "timestamp": "2025-05-16 05:51:01.552708", "user_id": null, "status_code": 404, "duration": 25.98865509033203}"}
{"time": "2025-05-16 09:51:51,644", "level": "INFO", "message": "{"method": "OPTIONS", "path": "/users/login", "timestamp": "2025-05-16 05:51:51.639533", "user_id": null, "status_code": 200, "duration": 5.8356711864471436}"}
{"time": "2025-05-16 09:51:52,544", "level": "INFO", "message": "{"method": "POST", "path": "/users/login", "timestamp": "2025-05-16 05:51:52.541370", "user_id": null, "status_code": 405, "duration": 0.8922970294952393}"}
{"time": "2025-05-16 09:53:10,911", "level": "INFO", "message": "{"method": "POST", "path": "/users/login", "timestamp": "2025-05-16 05:52:42.893425", "user_id": null, "status_code": 405, "duration": 33.6907217502594}"}
{"time": "2025-05-16 09:54:35,644", "level": "INFO", "message": "{"method": "POST", "path": "/users/login", "timestamp": "2025-05-16 05:54:35.625856", "user_id": null, "status_code": 405, "duration": 0.00910806655883789}"}
{"time": "2025-05-16 09:54:38,572", "level": "INFO", "message": "{"method": "POST", "path": "/users/login", "timestamp": "2025-05-16 05:54:38.567523", "user_id": null, "status_code": 405, "duration": 0.001474142074584961}"}
{"time": "2025-05-16 09:55:59,643", "level": "INFO", "message": "{"method": "OPTIONS", "path": "/users/login", "timestamp": "2025-05-16 05:55:59.625997", "user_id": null, "status_code": 200, "duration": 0.0061359405517578125}"}
{"time": "2025-05-16 09:55:59,649", "level": "INFO", "message": "{"method": "POST", "path": "/users/login", "timestamp": "2025-05-16 05:55:59.647060", "user_id": null, "status_code": 405, "duration": 0.0009710788726806641}"}
{"time": "2025-05-16 10:00:46,968", "level": "INFO", "message": "{"method": "OPTIONS", "path": "/login", "timestamp": "2025-05-16 06:00:46.958220", "user_id": null, "status_code": 200, "duration": 0.004141092300415039}"}
{"time": "2025-05-16 10:00:46,974", "level": "INFO", "message": "{"method": "POST", "path": "/login", "timestamp": "2025-05-16 06:00:46.972083", "user_id": null, "status_code": 404, "duration": 0.0016510486602783203}"}
{"time": "2025-05-16 10:00:59,369", "level": "INFO", "message": "{"method": "POST", "path": "/users/login", "timestamp": "2025-05-16 06:00:59.361612", "user_id": null, "status_code": 405, "duration": 0.007472991943359375}"}
{"time": "2025-05-16 10:05:00,299", "level": "INFO", "message": "{"method": "OPTIONS", "path": "/users/login", "timestamp": "2025-05-16 06:05:00.292678", "user_id": null, "status_code": 200, "duration": 0.0016510486602783203}"}
{"time": "2025-05-16 10:05:00,305", "level": "INFO", "message": "{"method": "POST", "path": "/users/login", "timestamp": "2025-05-16 06:05:00.303348", "user_id": null, "status_code": 405, "duration": 0.001251220703125}"}
{"time": "2025-05-16 10:05:56,961", "level": "INFO", "message": "{"method": "GET", "path": "/users", "timestamp": "2025-05-16 06:05:56.943741", "user_id": null, "status_code": 307, "duration": 0.011387825012207031}"}
{"time": "2025-05-16 10:06:02,481", "level": "INFO", "message": "{"method": "GET", "path": "/users/", "timestamp": "2025-05-16 06:05:56.966300", "user_id": null, "status_code": 200, "duration": 5.499861001968384}"}
{"time": "2025-05-16 10:06:02,724", "level": "INFO", "message": "{"method": "GET", "path": "/favicon.ico", "timestamp": "2025-05-16 06:06:02.720718", "user_id": null, "status_code": 404, "duration": 0.002262115478515625}"}
{"time": "2025-05-16 10:06:11,195", "level": "INFO", "message": "{"method": "GET", "path": "/users/login", "timestamp": "2025-05-16 06:06:11.181637", "user_id": null, "status_code": 404, "duration": 0.013109922409057617}"}
{"time": "2025-05-16 10:08:45,052", "level": "INFO", "message": "{"method": "GET", "path": "/users/login", "timestamp": "2025-05-16 06:07:23.193223", "user_id": null, "status_code": 404, "duration": 81.85578227043152}"}
{"time": "2025-05-16 10:09:17,978", "level": "INFO", "message": "{"method": "GET", "path": "/users/login/", "timestamp": "2025-05-16 06:09:17.967367", "user_id": null, "status_code": 405, "duration": 0.004235029220581055}"}
